This is pdfTeX, Version 3.141592653-2.6-1.40.25 (TeX Live 2023/Debian) (preloaded format=latex 2025.12.6)  6 DEC 2025 01:44
entering extended mode
 restricted \write18 enabled.
 file:line:error style messages enabled.
 %&-line parsing enabled.
**full_analysis.tex
(./full_analysis.tex
LaTeX2e <2023-11-01> patch level 1
L3 programming layer <2024-01-22>
(/usr/share/texlive/texmf-dist/tex/latex/base/article.cls
Document Class: article 2023/05/17 v1.4n Standard LaTeX document class
(/usr/share/texlive/texmf-dist/tex/latex/base/size12.clo
File: size12.clo 2023/05/17 v1.4n Standard LaTeX file (size option)
)
\c@part=\count187
\c@section=\count188
\c@subsection=\count189
\c@subsubsection=\count190
\c@paragraph=\count191
\c@subparagraph=\count192
\c@figure=\count193
\c@table=\count194
\abovecaptionskip=\skip48
\belowcaptionskip=\skip49
\bibindent=\dimen140
) (/usr/share/texlive/texmf-dist/tex/latex/base/inputenc.sty
Package: inputenc 2021/02/14 v1.3d Input encoding file
\inpenc@prehook=\toks17
\inpenc@posthook=\toks18
) (/usr/share/texlive/texmf-dist/tex/latex/amsmath/amsmath.sty
Package: amsmath 2023/05/13 v2.17o AMS math features
\@mathmargin=\skip50
For additional information on amsmath, use the `?' option.
(/usr/share/texlive/texmf-dist/tex/latex/amsmath/amstext.sty
Package: amstext 2021/08/26 v2.01 AMS text
(/usr/share/texlive/texmf-dist/tex/latex/amsmath/amsgen.sty
File: amsgen.sty 1999/11/30 v2.0 generic functions
\@emptytoks=\toks19
\ex@=\dimen141
)) (/usr/share/texlive/texmf-dist/tex/latex/amsmath/amsbsy.sty
Package: amsbsy 1999/11/29 v1.2d Bold Symbols
\pmbraise@=\dimen142
) (/usr/share/texlive/texmf-dist/tex/latex/amsmath/amsopn.sty
Package: amsopn 2022/04/08 v2.04 operator names
)
\inf@bad=\count195
LaTeX Info: Redefining \frac on input line 234.
\uproot@=\count196
\leftroot@=\count197
LaTeX Info: Redefining \overline on input line 399.
LaTeX Info: Redefining \colon on input line 410.
\classnum@=\count198
\DOTSCASE@=\count199
LaTeX Info: Redefining \ldots on input line 496.
LaTeX Info: Redefining \dots on input line 499.
LaTeX Info: Redefining \cdots on input line 620.
\Mathstrutbox@=\box51
\strutbox@=\box52
LaTeX Info: Redefining \big on input line 722.
LaTeX Info: Redefining \Big on input line 723.
LaTeX Info: Redefining \bigg on input line 724.
LaTeX Info: Redefining \Bigg on input line 725.
\big@size=\dimen143
LaTeX Font Info:    Redeclaring font encoding OML on input line 743.
LaTeX Font Info:    Redeclaring font encoding OMS on input line 744.
\macc@depth=\count266
LaTeX Info: Redefining \bmod on input line 905.
LaTeX Info: Redefining \pmod on input line 910.
LaTeX Info: Redefining \smash on input line 940.
LaTeX Info: Redefining \relbar on input line 970.
LaTeX Info: Redefining \Relbar on input line 971.
\c@MaxMatrixCols=\count267
\dotsspace@=\muskip16
\c@parentequation=\count268
\dspbrk@lvl=\count269
\tag@help=\toks20
\row@=\count270
\column@=\count271
\maxfields@=\count272
\andhelp@=\toks21
\eqnshift@=\dimen144
\alignsep@=\dimen145
\tagshift@=\dimen146
\tagwidth@=\dimen147
\totwidth@=\dimen148
\lineht@=\dimen149
\@envbody=\toks22
\multlinegap=\skip51
\multlinetaggap=\skip52
\mathdisplay@stack=\toks23
LaTeX Info: Redefining \[ on input line 2953.
LaTeX Info: Redefining \] on input line 2954.
) (/usr/share/texlive/texmf-dist/tex/latex/breqn/breqn.sty (/usr/share/texlive/
texmf-dist/tex/latex/l3kernel/expl3.sty
Package: expl3 2024-01-22 L3 programming layer (loader) 
(/usr/share/texlive/texmf-dist/tex/latex/l3backend/l3backend-dvips.def
File: l3backend-dvips.def 2024-01-04 L3 backend support: dvips
\l__pdf_internal_box=\box53
\g__pdf_backend_object_int=\count273
\l__pdf_backend_content_box=\box54
\l__pdf_backend_model_box=\box55
\g__pdf_backend_annotation_int=\count274
\g__pdf_backend_link_int=\count275
\g__pdf_backend_link_sf_int=\count276
))
Package: breqn 2021/10/28 v0.98l Breaking equations
(/usr/share/texlive/texmf-dist/tex/latex/graphics/graphicx.sty
Package: graphicx 2021/09/16 v1.2d Enhanced LaTeX Graphics (DPC,SPQR)
(/usr/share/texlive/texmf-dist/tex/latex/graphics/keyval.sty
Package: keyval 2022/05/29 v1.15 key=value parser (DPC)
\KV@toks@=\toks24
) (/usr/share/texlive/texmf-dist/tex/latex/graphics/graphics.sty
Package: graphics 2022/03/10 v1.4e Standard LaTeX Graphics (DPC,SPQR)
(/usr/share/texlive/texmf-dist/tex/latex/graphics/trig.sty
Package: trig 2021/08/11 v1.11 sin cos tan (DPC)
) (/usr/share/texlive/texmf-dist/tex/latex/graphics-cfg/graphics.cfg
File: graphics.cfg 2016/06/04 v1.11 sample graphics configuration
)
Package graphics Info: Driver file: dvips.def on input line 107.
(/usr/share/texlive/texmf-dist/tex/latex/graphics-def/dvips.def
File: dvips.def 2022/09/22 v3.1e Graphics/color driver for dvips
))
\Gin@req@height=\dimen150
\Gin@req@width=\dimen151
) (/usr/share/texlive/texmf-dist/tex/latex/breqn/flexisym.sty
Package: flexisym 2021/10/28 v0.98l Make math characters macros
LaTeX Info: Redefining \textprime on input line 299.
LaTeX Info: Redefining \not on input line 357.
(/usr/share/texlive/texmf-dist/tex/latex/breqn/cmbase.sym
File: cmbase.sym 2007/12/19 v0.92
LaTeX Info: Redefining \hbar on input line 324.
LaTeX Info: Redefining \surd on input line 326.
LaTeX Info: Redefining \angle on input line 334.
LaTeX Info: Redefining \neq on input line 335.
LaTeX Info: Redefining \mapsto on input line 336.
LaTeX Info: Redefining \cong on input line 337.
LaTeX Info: Redefining \notin on input line 340.
LaTeX Info: Redefining \rightleftharpoons on input line 341.
LaTeX Info: Redefining \doteq on input line 342.
LaTeX Info: Redefining \hookrightarrow on input line 343.
LaTeX Info: Redefining \hookleftarrow on input line 344.
LaTeX Info: Redefining \bowtie on input line 345.
LaTeX Info: Redefining \models on input line 346.
LaTeX Info: Redefining \Longrightarrow on input line 347.
LaTeX Info: Redefining \longrightarrow on input line 348.
LaTeX Info: Redefining \Longleftarrow on input line 349.
LaTeX Info: Redefining \longleftarrow on input line 350.
LaTeX Info: Redefining \longmapsto on input line 351.
LaTeX Info: Redefining \longleftrightarrow on input line 352.
LaTeX Info: Redefining \Longleftrightarrow on input line 353.
LaTeX Info: Redefining \cdots on input line 357.
LaTeX Info: Redefining \vdots on input line 360.
LaTeX Info: Redefining \ddots on input line 365.
) (/usr/share/texlive/texmf-dist/tex/latex/breqn/mathstyle.sty
Package: mathstyle 2021/10/28 v0.98l Tracking mathstyle implicitly
LaTeX Info: Redefining \displaystyle on input line 95.
LaTeX Info: Redefining \textstyle on input line 97.
LaTeX Info: Redefining \scriptstyle on input line 99.
LaTeX Info: Redefining \scriptscriptstyle on input line 101.
LaTeX Info: Redefining \genfrac on input line 149.
)) (/usr/share/texlive/texmf-dist/tex/latex/tools/calc.sty
Package: calc 2023/07/08 v4.3 Infix arithmetic (KKT,FJ)
\calc@Acount=\count277
\calc@Bcount=\count278
\calc@Adimen=\dimen152
\calc@Bdimen=\dimen153
\calc@Askip=\skip53
\calc@Bskip=\skip54
LaTeX Info: Redefining \setlength on input line 80.
LaTeX Info: Redefining \addtolength on input line 81.
\calc@Ccount=\count279
\calc@Cskip=\skip55
)
\inf@bad=\count280
\maxint=\count281
\listwidth=\dimen154
\eqnumsep=\dimen155
\eqmargin=\dimen156
\eqlinespacing=\skip56
\eqlineskip=\skip57
\eqlineskiplimit=\dimen157
\eqbinoffset=\muskip17
\eqdelimoffset=\muskip18
\eqindentstep=\dimen158
\eqstyle=\toks25
\eqbreakdepth=\count282
\eqinterlinepenalty=\count283
\intereqpenalty=\count284
\intereqskip=\skip58
\prerelpenalty=\count285
\prebinoppenalty=\count286
\Dmedmuskip=\muskip19
\Dthickmuskip=\muskip20
\eqleftskip=\skip59
\eqrightskip=\skip60
\eq@vspan=\skip61
\eq@binoffset=\muskip21
\EQ@box=\box56
\EQ@copy=\box57
\EQ@numbox=\box58
\eq@wdNum=\dimen159
\GRP@numbox=\box59
\grp@wdNum=\dimen160
\eq@lines=\count287
\eq@curline=\count288
\eq@badness=\count289
\EQ@vims=\count290
\eq@dp=\dimen161
\eq@wdL=\dimen162
\eq@wdT=\dimen163
\eq@wdMin=\dimen164
\grp@wdL=\dimen165
\grp@wdR=\dimen166
\grp@wdT=\dimen167
\eq@wdRmax=\dimen168
\eq@firstht=\dimen169
\eq@wdCond=\dimen170
\eq@indentstep=\dimen171
\eq@linewidth=\dimen172
\grp@linewidth=\dimen173
\eq@hshift=\dimen174
\eq@given@sidespace=\dimen175
\mathindent=\dimen176
\eq@final@linecount=\count291
\eq@wdR=\dimen177
\EQ@continue=\toks26
\lr@level=\count292
\GRP@queue=\toks27
\GRP@box=\box60
\GRP@wholebox=\box61
\darraycolsep=\skip62
\cur@row=\count293
\cur@col=\count294
\conditionsep=\skip63
) (/usr/share/texlive/texmf-dist/tex/latex/pgfplots/pgfplots.sty (/usr/share/te
xlive/texmf-dist/tex/generic/pgfplots/pgfplots.revision.tex)
Package: pgfplots 2021/05/15 v1.18.1 Data Visualization (1.18.1)
(/usr/share/texlive/texmf-dist/tex/latex/pgf/frontendlayer/tikz.sty (/usr/share
/texlive/texmf-dist/tex/latex/pgf/basiclayer/pgf.sty (/usr/share/texlive/texmf-
dist/tex/latex/pgf/utilities/pgfrcs.sty (/usr/share/texlive/texmf-dist/tex/gene
ric/pgf/utilities/pgfutil-common.tex
\pgfutil@everybye=\toks28
\pgfutil@tempdima=\dimen178
\pgfutil@tempdimb=\dimen179
) (/usr/share/texlive/texmf-dist/tex/generic/pgf/utilities/pgfutil-latex.def
\pgfutil@abb=\box62
) (/usr/share/texlive/texmf-dist/tex/generic/pgf/utilities/pgfrcs.code.tex (/us
r/share/texlive/texmf-dist/tex/generic/pgf/pgf.revision.tex)
Package: pgfrcs 2023-01-15 v3.1.10 (3.1.10)
))
Package: pgf 2023-01-15 v3.1.10 (3.1.10)
(/usr/share/texlive/texmf-dist/tex/latex/pgf/basiclayer/pgfcore.sty (/usr/share
/texlive/texmf-dist/tex/latex/pgf/systemlayer/pgfsys.sty (/usr/share/texlive/te
xmf-dist/tex/generic/pgf/systemlayer/pgfsys.code.tex
Package: pgfsys 2023-01-15 v3.1.10 (3.1.10)
(/usr/share/texlive/texmf-dist/tex/generic/pgf/utilities/pgfkeys.code.tex
\pgfkeys@pathtoks=\toks29
\pgfkeys@temptoks=\toks30

(/usr/share/texlive/texmf-dist/tex/generic/pgf/utilities/pgfkeyslibraryfiltered
.code.tex
\pgfkeys@tmptoks=\toks31
))
\pgf@x=\dimen180
\pgf@y=\dimen181
\pgf@xa=\dimen182
\pgf@ya=\dimen183
\pgf@xb=\dimen184
\pgf@yb=\dimen185
\pgf@xc=\dimen186
\pgf@yc=\dimen187
\pgf@xd=\dimen188
\pgf@yd=\dimen189
\w@pgf@writea=\write3
\r@pgf@reada=\read2
\c@pgf@counta=\count295
\c@pgf@countb=\count296
\c@pgf@countc=\count297
\c@pgf@countd=\count298
\t@pgf@toka=\toks32
\t@pgf@tokb=\toks33
\t@pgf@tokc=\toks34
\pgf@sys@id@count=\count299
(/usr/share/texlive/texmf-dist/tex/generic/pgf/systemlayer/pgf.cfg
File: pgf.cfg 2023-01-15 v3.1.10 (3.1.10)
)
Driver file for pgf: pgfsys-dvips.def
(/usr/share/texlive/texmf-dist/tex/generic/pgf/systemlayer/pgfsys-dvips.def
File: pgfsys-dvips.def 2023-01-15 v3.1.10 (3.1.10)

(/usr/share/texlive/texmf-dist/tex/generic/pgf/systemlayer/pgfsys-common-postsc
ript.def
File: pgfsys-common-postscript.def 2023-01-15 v3.1.10 (3.1.10)
\pgf@objectcount=\count300
)))
(/usr/share/texlive/texmf-dist/tex/generic/pgf/systemlayer/pgfsyssoftpath.code.
tex
File: pgfsyssoftpath.code.tex 2023-01-15 v3.1.10 (3.1.10)
\pgfsyssoftpath@smallbuffer@items=\count301
\pgfsyssoftpath@bigbuffer@items=\count302
)
(/usr/share/texlive/texmf-dist/tex/generic/pgf/systemlayer/pgfsysprotocol.code.
tex
File: pgfsysprotocol.code.tex 2023-01-15 v3.1.10 (3.1.10)
)) (/usr/share/texlive/texmf-dist/tex/latex/xcolor/xcolor.sty
Package: xcolor 2023/11/15 v3.01 LaTeX color extensions (UK)
(/usr/share/texlive/texmf-dist/tex/latex/graphics-cfg/color.cfg
File: color.cfg 2016/01/02 v1.6 sample color configuration
)
Package xcolor Info: Driver file: dvips.def on input line 274.
(/usr/share/texlive/texmf-dist/tex/latex/graphics/mathcolor.ltx)
Package xcolor Info: Model `cmy' substituted by `cmy0' on input line 1350.
Package xcolor Info: Model `RGB' extended on input line 1366.
Package xcolor Info: Model `HTML' substituted by `rgb' on input line 1368.
Package xcolor Info: Model `Hsb' substituted by `hsb' on input line 1369.
Package xcolor Info: Model `tHsb' substituted by `hsb' on input line 1370.
Package xcolor Info: Model `HSB' substituted by `hsb' on input line 1371.
Package xcolor Info: Model `Gray' substituted by `gray' on input line 1372.
Package xcolor Info: Model `wave' substituted by `hsb' on input line 1373.
) (/usr/share/texlive/texmf-dist/tex/generic/pgf/basiclayer/pgfcore.code.tex
Package: pgfcore 2023-01-15 v3.1.10 (3.1.10)
(/usr/share/texlive/texmf-dist/tex/generic/pgf/math/pgfmath.code.tex (/usr/shar
e/texlive/texmf-dist/tex/generic/pgf/math/pgfmathutil.code.tex) (/usr/share/tex
live/texmf-dist/tex/generic/pgf/math/pgfmathparser.code.tex
\pgfmath@dimen=\dimen190
\pgfmath@count=\count303
\pgfmath@box=\box63
\pgfmath@toks=\toks35
\pgfmath@stack@operand=\toks36
\pgfmath@stack@operation=\toks37
) (/usr/share/texlive/texmf-dist/tex/generic/pgf/math/pgfmathfunctions.code.tex
)
(/usr/share/texlive/texmf-dist/tex/generic/pgf/math/pgfmathfunctions.basic.code
.tex)
(/usr/share/texlive/texmf-dist/tex/generic/pgf/math/pgfmathfunctions.trigonomet
ric.code.tex)
(/usr/share/texlive/texmf-dist/tex/generic/pgf/math/pgfmathfunctions.random.cod
e.tex)
(/usr/share/texlive/texmf-dist/tex/generic/pgf/math/pgfmathfunctions.comparison
.code.tex)
(/usr/share/texlive/texmf-dist/tex/generic/pgf/math/pgfmathfunctions.base.code.
tex)
(/usr/share/texlive/texmf-dist/tex/generic/pgf/math/pgfmathfunctions.round.code
.tex)
(/usr/share/texlive/texmf-dist/tex/generic/pgf/math/pgfmathfunctions.misc.code.
tex)
(/usr/share/texlive/texmf-dist/tex/generic/pgf/math/pgfmathfunctions.integerari
thmetics.code.tex) (/usr/share/texlive/texmf-dist/tex/generic/pgf/math/pgfmathc
alc.code.tex) (/usr/share/texlive/texmf-dist/tex/generic/pgf/math/pgfmathfloat.
code.tex
\c@pgfmathroundto@lastzeros=\count304
)) (/usr/share/texlive/texmf-dist/tex/generic/pgf/math/pgfint.code.tex)
(/usr/share/texlive/texmf-dist/tex/generic/pgf/basiclayer/pgfcorepoints.code.te
x
File: pgfcorepoints.code.tex 2023-01-15 v3.1.10 (3.1.10)
\pgf@picminx=\dimen191
\pgf@picmaxx=\dimen192
\pgf@picminy=\dimen193
\pgf@picmaxy=\dimen194
\pgf@pathminx=\dimen195
\pgf@pathmaxx=\dimen196
\pgf@pathminy=\dimen197
\pgf@pathmaxy=\dimen198
\pgf@xx=\dimen199
\pgf@xy=\dimen256
\pgf@yx=\dimen257
\pgf@yy=\dimen258
\pgf@zx=\dimen259
\pgf@zy=\dimen260
)
(/usr/share/texlive/texmf-dist/tex/generic/pgf/basiclayer/pgfcorepathconstruct.
code.tex
File: pgfcorepathconstruct.code.tex 2023-01-15 v3.1.10 (3.1.10)
\pgf@path@lastx=\dimen261
\pgf@path@lasty=\dimen262
)
(/usr/share/texlive/texmf-dist/tex/generic/pgf/basiclayer/pgfcorepathusage.code
.tex
File: pgfcorepathusage.code.tex 2023-01-15 v3.1.10 (3.1.10)
\pgf@shorten@end@additional=\dimen263
\pgf@shorten@start@additional=\dimen264
)
(/usr/share/texlive/texmf-dist/tex/generic/pgf/basiclayer/pgfcorescopes.code.te
x
File: pgfcorescopes.code.tex 2023-01-15 v3.1.10 (3.1.10)
\pgfpic=\box64
\pgf@hbox=\box65
\pgf@layerbox@main=\box66
\pgf@picture@serial@count=\count305
)
(/usr/share/texlive/texmf-dist/tex/generic/pgf/basiclayer/pgfcoregraphicstate.c
ode.tex
File: pgfcoregraphicstate.code.tex 2023-01-15 v3.1.10 (3.1.10)
\pgflinewidth=\dimen265
)
(/usr/share/texlive/texmf-dist/tex/generic/pgf/basiclayer/pgfcoretransformation
s.code.tex
File: pgfcoretransformations.code.tex 2023-01-15 v3.1.10 (3.1.10)
\pgf@pt@x=\dimen266
\pgf@pt@y=\dimen267
\pgf@pt@temp=\dimen268
)
(/usr/share/texlive/texmf-dist/tex/generic/pgf/basiclayer/pgfcorequick.code.tex
File: pgfcorequick.code.tex 2023-01-15 v3.1.10 (3.1.10)
)
(/usr/share/texlive/texmf-dist/tex/generic/pgf/basiclayer/pgfcoreobjects.code.t
ex
File: pgfcoreobjects.code.tex 2023-01-15 v3.1.10 (3.1.10)
)
(/usr/share/texlive/texmf-dist/tex/generic/pgf/basiclayer/pgfcorepathprocessing
.code.tex
File: pgfcorepathprocessing.code.tex 2023-01-15 v3.1.10 (3.1.10)
)
(/usr/share/texlive/texmf-dist/tex/generic/pgf/basiclayer/pgfcorearrows.code.te
x
File: pgfcorearrows.code.tex 2023-01-15 v3.1.10 (3.1.10)
\pgfarrowsep=\dimen269
)
(/usr/share/texlive/texmf-dist/tex/generic/pgf/basiclayer/pgfcoreshade.code.tex
File: pgfcoreshade.code.tex 2023-01-15 v3.1.10 (3.1.10)
\pgf@max=\dimen270
\pgf@sys@shading@range@num=\count306
\pgf@shadingcount=\count307
)
(/usr/share/texlive/texmf-dist/tex/generic/pgf/basiclayer/pgfcoreimage.code.tex
File: pgfcoreimage.code.tex 2023-01-15 v3.1.10 (3.1.10)
)
(/usr/share/texlive/texmf-dist/tex/generic/pgf/basiclayer/pgfcoreexternal.code.
tex
File: pgfcoreexternal.code.tex 2023-01-15 v3.1.10 (3.1.10)
\pgfexternal@startupbox=\box67
)
(/usr/share/texlive/texmf-dist/tex/generic/pgf/basiclayer/pgfcorelayers.code.te
x
File: pgfcorelayers.code.tex 2023-01-15 v3.1.10 (3.1.10)
)
(/usr/share/texlive/texmf-dist/tex/generic/pgf/basiclayer/pgfcoretransparency.c
ode.tex
File: pgfcoretransparency.code.tex 2023-01-15 v3.1.10 (3.1.10)
)
(/usr/share/texlive/texmf-dist/tex/generic/pgf/basiclayer/pgfcorepatterns.code.
tex
File: pgfcorepatterns.code.tex 2023-01-15 v3.1.10 (3.1.10)
) (/usr/share/texlive/texmf-dist/tex/generic/pgf/basiclayer/pgfcorerdf.code.tex
File: pgfcorerdf.code.tex 2023-01-15 v3.1.10 (3.1.10)
)))
(/usr/share/texlive/texmf-dist/tex/generic/pgf/modules/pgfmoduleshapes.code.tex
File: pgfmoduleshapes.code.tex 2023-01-15 v3.1.10 (3.1.10)
\pgfnodeparttextbox=\box68
) (/usr/share/texlive/texmf-dist/tex/generic/pgf/modules/pgfmoduleplot.code.tex
File: pgfmoduleplot.code.tex 2023-01-15 v3.1.10 (3.1.10)
)
(/usr/share/texlive/texmf-dist/tex/latex/pgf/compatibility/pgfcomp-version-0-65
.sty
Package: pgfcomp-version-0-65 2023-01-15 v3.1.10 (3.1.10)
\pgf@nodesepstart=\dimen271
\pgf@nodesepend=\dimen272
)
(/usr/share/texlive/texmf-dist/tex/latex/pgf/compatibility/pgfcomp-version-1-18
.sty
Package: pgfcomp-version-1-18 2023-01-15 v3.1.10 (3.1.10)
)) (/usr/share/texlive/texmf-dist/tex/latex/pgf/utilities/pgffor.sty (/usr/shar
e/texlive/texmf-dist/tex/latex/pgf/utilities/pgfkeys.sty (/usr/share/texlive/te
xmf-dist/tex/generic/pgf/utilities/pgfkeys.code.tex)) (/usr/share/texlive/texmf
-dist/tex/latex/pgf/math/pgfmath.sty (/usr/share/texlive/texmf-dist/tex/generic
/pgf/math/pgfmath.code.tex)) (/usr/share/texlive/texmf-dist/tex/generic/pgf/uti
lities/pgffor.code.tex
Package: pgffor 2023-01-15 v3.1.10 (3.1.10)
\pgffor@iter=\dimen273
\pgffor@skip=\dimen274
\pgffor@stack=\toks38
\pgffor@toks=\toks39
))
(/usr/share/texlive/texmf-dist/tex/generic/pgf/frontendlayer/tikz/tikz.code.tex
Package: tikz 2023-01-15 v3.1.10 (3.1.10)

(/usr/share/texlive/texmf-dist/tex/generic/pgf/libraries/pgflibraryplothandlers
.code.tex
File: pgflibraryplothandlers.code.tex 2023-01-15 v3.1.10 (3.1.10)
\pgf@plot@mark@count=\count308
\pgfplotmarksize=\dimen275
)
\tikz@lastx=\dimen276
\tikz@lasty=\dimen277
\tikz@lastxsaved=\dimen278
\tikz@lastysaved=\dimen279
\tikz@lastmovetox=\dimen280
\tikz@lastmovetoy=\dimen281
\tikzleveldistance=\dimen282
\tikzsiblingdistance=\dimen283
\tikz@figbox=\box69
\tikz@figbox@bg=\box70
\tikz@tempbox=\box71
\tikz@tempbox@bg=\box72
\tikztreelevel=\count309
\tikznumberofchildren=\count310
\tikznumberofcurrentchild=\count311
\tikz@fig@count=\count312

(/usr/share/texlive/texmf-dist/tex/generic/pgf/modules/pgfmodulematrix.code.tex
File: pgfmodulematrix.code.tex 2023-01-15 v3.1.10 (3.1.10)
\pgfmatrixcurrentrow=\count313
\pgfmatrixcurrentcolumn=\count314
\pgf@matrix@numberofcolumns=\count315
)
\tikz@expandcount=\count316

(/usr/share/texlive/texmf-dist/tex/generic/pgf/frontendlayer/tikz/libraries/tik
zlibrarytopaths.code.tex
File: tikzlibrarytopaths.code.tex 2023-01-15 v3.1.10 (3.1.10)
))) (/usr/share/texlive/texmf-dist/tex/generic/pgfplots/pgfplots.code.tex (/usr
/share/texlive/texmf-dist/tex/generic/pgfplots/pgfplotscore.code.tex
\t@pgfplots@toka=\toks40
\t@pgfplots@tokb=\toks41
\t@pgfplots@tokc=\toks42
\pgfplots@tmpa=\dimen284
\c@pgfplots@coordindex=\count317
\c@pgfplots@scanlineindex=\count318

(/usr/share/texlive/texmf-dist/tex/generic/pgfplots/sys/pgfplotssysgeneric.code
.tex))
(/usr/share/texlive/texmf-dist/tex/generic/pgfplots/libs/pgfplotslibrary.code.t
ex)
(/usr/share/texlive/texmf-dist/tex/generic/pgfplots/oldpgfcompatib/pgfplotsoldp
gfsupp_loader.code.tex
(/usr/share/texlive/texmf-dist/tex/generic/pgf/libraries/pgflibraryfpu.code.tex
)
Package pgfplots: loading complementary utilities for your pgf version...
\t@pgf@toka=\toks43
\t@pgf@tokb=\toks44
\t@pgf@tokc=\toks45

(/usr/share/texlive/texmf-dist/tex/generic/pgfplots/oldpgfcompatib/pgfplotsoldp
gfsupp_pgfutil-common-lists.tex)) (/usr/share/texlive/texmf-dist/tex/generic/pg
fplots/util/pgfplotsutil.code.tex
(/usr/share/texlive/texmf-dist/tex/generic/pgfplots/liststructure/pgfplotslists
tructure.code.tex)
(/usr/share/texlive/texmf-dist/tex/generic/pgfplots/liststructure/pgfplotslists
tructureext.code.tex)
(/usr/share/texlive/texmf-dist/tex/generic/pgfplots/liststructure/pgfplotsarray
.code.tex
\c@pgfplotsarray@tmp=\count319
)
(/usr/share/texlive/texmf-dist/tex/generic/pgfplots/liststructure/pgfplotsmatri
x.code.tex)
(/usr/share/texlive/texmf-dist/tex/generic/pgfplots/numtable/pgfplotstableshare
d.code.tex
\c@pgfplotstable@counta=\count320
\t@pgfplotstable@a=\toks46
)
(/usr/share/texlive/texmf-dist/tex/generic/pgfplots/liststructure/pgfplotsdeque
.code.tex)
(/usr/share/texlive/texmf-dist/tex/generic/pgfplots/util/pgfplotsbinary.code.te
x
(/usr/share/texlive/texmf-dist/tex/generic/pgfplots/util/pgfplotsbinary.data.co
de.tex))
(/usr/share/texlive/texmf-dist/tex/generic/pgfplots/util/pgfplotsutil.verb.code
.tex)
(/usr/share/texlive/texmf-dist/tex/generic/pgfplots/libs/pgflibrarypgfplots.sur
fshading.code.tex
\c@pgfplotslibrarysurf@no=\count321

(/usr/share/texlive/texmf-dist/tex/generic/pgfplots/sys/pgflibrarypgfplots.surf
shading.pgfsys-dvips.def)))
(/usr/share/texlive/texmf-dist/tex/generic/pgfplots/util/pgfplotscolormap.code.
tex
(/usr/share/texlive/texmf-dist/tex/generic/pgfplots/util/pgfplotscolor.code.tex
))
(/usr/share/texlive/texmf-dist/tex/generic/pgfplots/pgfplotsstackedplots.code.t
ex)
(/usr/share/texlive/texmf-dist/tex/generic/pgfplots/pgfplotsplothandlers.code.t
ex
(/usr/share/texlive/texmf-dist/tex/generic/pgfplots/pgfplotsmeshplothandler.cod
e.tex
(/usr/share/texlive/texmf-dist/tex/generic/pgfplots/pgfplotsmeshplotimage.code.
tex))) (/usr/share/texlive/texmf-dist/tex/generic/pgfplots/pgfplots.scaling.cod
e.tex)
(/usr/share/texlive/texmf-dist/tex/generic/pgfplots/pgfplotscoordprocessing.cod
e.tex)
(/usr/share/texlive/texmf-dist/tex/generic/pgfplots/pgfplots.errorbars.code.tex
) (/usr/share/texlive/texmf-dist/tex/generic/pgfplots/pgfplots.markers.code.tex
) (/usr/share/texlive/texmf-dist/tex/generic/pgfplots/pgfplotsticks.code.tex) (
/usr/share/texlive/texmf-dist/tex/generic/pgfplots/pgfplots.paths.code.tex)
(/usr/share/texlive/texmf-dist/tex/generic/pgf/frontendlayer/tikz/libraries/tik
zlibrarydecorations.code.tex
(/usr/share/texlive/texmf-dist/tex/generic/pgf/modules/pgfmoduledecorations.cod
e.tex
\pgfdecoratedcompleteddistance=\dimen285
\pgfdecoratedremainingdistance=\dimen286
\pgfdecoratedinputsegmentcompleteddistance=\dimen287
\pgfdecoratedinputsegmentremainingdistance=\dimen288
\pgf@decorate@distancetomove=\dimen289
\pgf@decorate@repeatstate=\count322
\pgfdecorationsegmentamplitude=\dimen290
\pgfdecorationsegmentlength=\dimen291
)
\tikz@lib@dec@box=\box73
)
(/usr/share/texlive/texmf-dist/tex/generic/pgf/frontendlayer/tikz/libraries/tik
zlibrarydecorations.pathmorphing.code.tex
(/usr/share/texlive/texmf-dist/tex/generic/pgf/libraries/decorations/pgflibrary
decorations.pathmorphing.code.tex))
(/usr/share/texlive/texmf-dist/tex/generic/pgf/frontendlayer/tikz/libraries/tik
zlibrarydecorations.pathreplacing.code.tex
(/usr/share/texlive/texmf-dist/tex/generic/pgf/libraries/decorations/pgflibrary
decorations.pathreplacing.code.tex))
(/usr/share/texlive/texmf-dist/tex/generic/pgfplots/libs/tikzlibrarypgfplots.co
ntourlua.code.tex)
\pgfplots@numplots=\count323
\pgfplots@xmin@reg=\dimen292
\pgfplots@xmax@reg=\dimen293
\pgfplots@ymin@reg=\dimen294
\pgfplots@ymax@reg=\dimen295
\pgfplots@zmin@reg=\dimen296
\pgfplots@zmax@reg=\dimen297
)
(/usr/share/texlive/texmf-dist/tex/generic/pgf/frontendlayer/tikz/libraries/tik
zlibraryplotmarks.code.tex
File: tikzlibraryplotmarks.code.tex 2023-01-15 v3.1.10 (3.1.10)

(/usr/share/texlive/texmf-dist/tex/generic/pgf/libraries/pgflibraryplotmarks.co
de.tex
File: pgflibraryplotmarks.code.tex 2023-01-15 v3.1.10 (3.1.10)
))) (/usr/share/texlive/texmf-dist/tex/latex/geometry/geometry.sty
Package: geometry 2020/01/02 v5.9 Page Geometry
(/usr/share/texlive/texmf-dist/tex/generic/iftex/ifvtex.sty
Package: ifvtex 2019/10/25 v1.7 ifvtex legacy package. Use iftex instead.
(/usr/share/texlive/texmf-dist/tex/generic/iftex/iftex.sty
Package: iftex 2022/02/03 v1.0f TeX engine tests
))
\Gm@cnth=\count324
\Gm@cntv=\count325
\c@Gm@tempcnt=\count326
\Gm@bindingoffset=\dimen298
\Gm@wd@mp=\dimen299
\Gm@odd@mp=\dimen300
\Gm@even@mp=\dimen301
\Gm@layoutwidth=\dimen302
\Gm@layoutheight=\dimen303
\Gm@layouthoffset=\dimen304
\Gm@layoutvoffset=\dimen305
\Gm@dimlist=\toks47
) (build/full_analysis.aux)
\openout1 = `full_analysis.aux'.

LaTeX Font Info:    Checking defaults for OML/cmm/m/it on input line 11.
LaTeX Font Info:    ... okay on input line 11.
LaTeX Font Info:    Checking defaults for OMS/cmsy/m/n on input line 11.
LaTeX Font Info:    ... okay on input line 11.
LaTeX Font Info:    Checking defaults for OT1/cmr/m/n on input line 11.
LaTeX Font Info:    ... okay on input line 11.
LaTeX Font Info:    Checking defaults for T1/cmr/m/n on input line 11.
LaTeX Font Info:    ... okay on input line 11.
LaTeX Font Info:    Checking defaults for TS1/cmr/m/n on input line 11.
LaTeX Font Info:    ... okay on input line 11.
LaTeX Font Info:    Checking defaults for OMX/cmex/m/n on input line 11.
LaTeX Font Info:    ... okay on input line 11.
LaTeX Font Info:    Checking defaults for U/cmr/m/n on input line 11.
LaTeX Font Info:    ... okay on input line 11.
Package pgfplots notification 'compat/show suggested version=true': document ha
s been generated with the most recent feature set (\pgfplotsset{compat=1.18}).

*geometry* driver: auto-detecting
*geometry* detected driver: dvips
*geometry* verbose mode - [ preamble ] result:
* driver: dvips
* paper: a4paper
* layout: <same size as paper>
* layoutoffset:(h,v)=(0.0pt,0.0pt)
* modes: 
* h-part:(L,W,R)=(56.9055pt, 483.69687pt, 56.9055pt)
* v-part:(T,H,B)=(56.9055pt, 731.23584pt, 56.9055pt)
* \paperwidth=597.50787pt
* \paperheight=845.04684pt
* \textwidth=483.69687pt
* \textheight=731.23584pt
* \oddsidemargin=-15.36449pt
* \evensidemargin=-15.36449pt
* \topmargin=-52.36449pt
* \headheight=12.0pt
* \headsep=25.0pt
* \topskip=12.0pt
* \footskip=30.0pt
* \marginparwidth=44.0pt
* \marginparsep=10.0pt
* \columnsep=10.0pt
* \skip\footins=10.8pt plus 4.0pt minus 2.0pt
* \hoffset=0.0pt
* \voffset=0.0pt
* \mag=1000
* \@twocolumnfalse
* \@twosidefalse
* \@mparswitchfalse
* \@reversemarginfalse
* (1in=72.27pt=25.4mm, 1cm=28.453pt)

[1

] [1]
Underfull \hbox (badness 10000) in paragraph at lines 62--63

 []

./full_analysis.tex:85: Dimension too large.
<recently read> \pgfmath@x 
                           
l.85 ...15 * (x)^(3) + 3) + (sin(5 * x + 2))^(3)};
                                                  
I can't work with sizes bigger than about 19 feet.
Continue and I'll use the largest value I can.

./full_analysis.tex:85: Dimension too large.
<recently read> \pgfmath@x 
                           
l.85 ...15 * (x)^(3) + 3) + (sin(5 * x + 2))^(3)};
                                                  
I can't work with sizes bigger than about 19 feet.
Continue and I'll use the largest value I can.

./full_analysis.tex:85: Dimension too large.
<recently read> \pgfmath@x 
                           
l.85 ...15 * (x)^(3) + 3) + (sin(5 * x + 2))^(3)};
                                                  
I can't work with sizes bigger than about 19 feet.
Continue and I'll use the largest value I can.

./full_analysis.tex:85: Dimension too large.
<recently read> \pgfmath@x 
                           
l.85 ...15 * (x)^(3) + 3) + (sin(5 * x + 2))^(3)};
                                                  
I can't work with sizes bigger than about 19 feet.
Continue and I'll use the largest value I can.

./full_analysis.tex:85: Dimension too large.
<recently read> \pgfmath@x 
                           
l.85 ...15 * (x)^(3) + 3) + (sin(5 * x + 2))^(3)};
                                                  
I can't work with sizes bigger than about 19 feet.
Continue and I'll use the largest value I can.

./full_analysis.tex:85: Dimension too large.
<recently read> \pgfmath@x 
                           
l.85 ...15 * (x)^(3) + 3) + (sin(5 * x + 2))^(3)};
                                                  
I can't work with sizes bigger than about 19 feet.
Continue and I'll use the largest value I can.

./full_analysis.tex:85: Dimension too large.
<recently read> \pgfmath@x 
                           
l.85 ...15 * (x)^(3) + 3) + (sin(5 * x + 2))^(3)};
                                                  
I can't work with sizes bigger than about 19 feet.
Continue and I'll use the largest value I can.

./full_analysis.tex:85: Dimension too large.
<recently read> \pgfmath@x 
                           
l.85 ...15 * (x)^(3) + 3) + (sin(5 * x + 2))^(3)};
                                                  
I can't work with sizes bigger than about 19 feet.
Continue and I'll use the largest value I can.

./full_analysis.tex:85: Dimension too large.
<recently read> \pgfmath@x 
                           
l.85 ...15 * (x)^(3) + 3) + (sin(5 * x + 2))^(3)};
                                                  
I can't work with sizes bigger than about 19 feet.
Continue and I'll use the largest value I can.

./full_analysis.tex:85: Dimension too large.
<recently read> \pgfmath@x 
                           
l.85 ...15 * (x)^(3) + 3) + (sin(5 * x + 2))^(3)};
                                                  
I can't work with sizes bigger than about 19 feet.
Continue and I'll use the largest value I can.

./full_analysis.tex:85: Dimension too large.
<recently read> \pgfmath@x 
                           
l.85 ...15 * (x)^(3) + 3) + (sin(5 * x + 2))^(3)};
                                                  
I can't work with sizes bigger than about 19 feet.
Continue and I'll use the largest value I can.

./full_analysis.tex:85: Dimension too large.
<recently read> \pgfmath@x 
                           
l.85 ...15 * (x)^(3) + 3) + (sin(5 * x + 2))^(3)};
                                                  
I can't work with sizes bigger than about 19 feet.
Continue and I'll use the largest value I can.

./full_analysis.tex:85: Dimension too large.
<recently read> \pgfmath@x 
                           
l.85 ...15 * (x)^(3) + 3) + (sin(5 * x + 2))^(3)};
                                                  
I can't work with sizes bigger than about 19 feet.
Continue and I'll use the largest value I can.

./full_analysis.tex:85: Dimension too large.
<recently read> \pgfmath@x 
                           
l.85 ...15 * (x)^(3) + 3) + (sin(5 * x + 2))^(3)};
                                                  
I can't work with sizes bigger than about 19 feet.
Continue and I'll use the largest value I can.

./full_analysis.tex:85: Dimension too large.
<recently read> \pgfmath@x 
                           
l.85 ...15 * (x)^(3) + 3) + (sin(5 * x + 2))^(3)};
                                                  
I can't work with sizes bigger than about 19 feet.
Continue and I'll use the largest value I can.

./full_analysis.tex:85: Dimension too large.
<recently read> \pgfmath@x 
                           
l.85 ...15 * (x)^(3) + 3) + (sin(5 * x + 2))^(3)};
                                                  
I can't work with sizes bigger than about 19 feet.
Continue and I'll use the largest value I can.

./full_analysis.tex:85: Dimension too large.
<recently read> \pgfmath@x 
                           
l.85 ...15 * (x)^(3) + 3) + (sin(5 * x + 2))^(3)};
                                                  
I can't work with sizes bigger than about 19 feet.
Continue and I'll use the largest value I can.

./full_analysis.tex:85: Dimension too large.
<recently read> \pgfmath@x 
                           
l.85 ...15 * (x)^(3) + 3) + (sin(5 * x + 2))^(3)};
                                                  
I can't work with sizes bigger than about 19 feet.
Continue and I'll use the largest value I can.

./full_analysis.tex:85: Dimension too large.
<recently read> \pgfmath@x 
                           
l.85 ...15 * (x)^(3) + 3) + (sin(5 * x + 2))^(3)};
                                                  
I can't work with sizes bigger than about 19 feet.
Continue and I'll use the largest value I can.

./full_analysis.tex:85: Dimension too large.
<recently read> \pgfmath@x 
                           
l.85 ...15 * (x)^(3) + 3) + (sin(5 * x + 2))^(3)};
                                                  
I can't work with sizes bigger than about 19 feet.
Continue and I'll use the largest value I can.

./full_analysis.tex:85: Dimension too large.
<recently read> \pgfmath@x 
                           
l.85 ...15 * (x)^(3) + 3) + (sin(5 * x + 2))^(3)};
                                                  
I can't work with sizes bigger than about 19 feet.
Continue and I'll use the largest value I can.

./full_analysis.tex:85: Dimension too large.
<recently read> \pgfmath@x 
                           
l.85 ...15 * (x)^(3) + 3) + (sin(5 * x + 2))^(3)};
                                                  
I can't work with sizes bigger than about 19 feet.
Continue and I'll use the largest value I can.

./full_analysis.tex:85: Dimension too large.
<recently read> \pgfmath@x 
                           
l.85 ...15 * (x)^(3) + 3) + (sin(5 * x + 2))^(3)};
                                                  
I can't work with sizes bigger than about 19 feet.
Continue and I'll use the largest value I can.

./full_analysis.tex:85: Dimension too large.
<recently read> \pgfmath@x 
                           
l.85 ...15 * (x)^(3) + 3) + (sin(5 * x + 2))^(3)};
                                                  
I can't work with sizes bigger than about 19 feet.
Continue and I'll use the largest value I can.

./full_analysis.tex:85: Dimension too large.
<recently read> \pgfmath@x 
                           
l.85 ...15 * (x)^(3) + 3) + (sin(5 * x + 2))^(3)};
                                                  
I can't work with sizes bigger than about 19 feet.
Continue and I'll use the largest value I can.

./full_analysis.tex:85: Dimension too large.
<recently read> \pgfmath@x 
                           
l.85 ...15 * (x)^(3) + 3) + (sin(5 * x + 2))^(3)};
                                                  
I can't work with sizes bigger than about 19 feet.
Continue and I'll use the largest value I can.

./full_analysis.tex:85: Dimension too large.
<recently read> \pgfmath@x 
                           
l.85 ...15 * (x)^(3) + 3) + (sin(5 * x + 2))^(3)};
                                                  
I can't work with sizes bigger than about 19 feet.
Continue and I'll use the largest value I can.

./full_analysis.tex:85: Dimension too large.
<recently read> \pgfmath@x 
                           
l.85 ...15 * (x)^(3) + 3) + (sin(5 * x + 2))^(3)};
                                                  
I can't work with sizes bigger than about 19 feet.
Continue and I'll use the largest value I can.

./full_analysis.tex:85: Dimension too large.
<recently read> \pgfmath@x 
                           
l.85 ...15 * (x)^(3) + 3) + (sin(5 * x + 2))^(3)};
                                                  
I can't work with sizes bigger than about 19 feet.
Continue and I'll use the largest value I can.

./full_analysis.tex:85: Dimension too large.
<recently read> \pgfmath@x 
                           
l.85 ...15 * (x)^(3) + 3) + (sin(5 * x + 2))^(3)};
                                                  
I can't work with sizes bigger than about 19 feet.
Continue and I'll use the largest value I can.

./full_analysis.tex:85: Dimension too large.
<recently read> \pgfmath@x 
                           
l.85 ...15 * (x)^(3) + 3) + (sin(5 * x + 2))^(3)};
                                                  
I can't work with sizes bigger than about 19 feet.
Continue and I'll use the largest value I can.

./full_analysis.tex:85: Dimension too large.
<recently read> \pgfmath@x 
                           
l.85 ...15 * (x)^(3) + 3) + (sin(5 * x + 2))^(3)};
                                                  
I can't work with sizes bigger than about 19 feet.
Continue and I'll use the largest value I can.

./full_analysis.tex:85: Dimension too large.
<recently read> \pgfmath@x 
                           
l.85 ...15 * (x)^(3) + 3) + (sin(5 * x + 2))^(3)};
                                                  
I can't work with sizes bigger than about 19 feet.
Continue and I'll use the largest value I can.

./full_analysis.tex:85: Dimension too large.
<recently read> \pgfmath@x 
                           
l.85 ...15 * (x)^(3) + 3) + (sin(5 * x + 2))^(3)};
                                                  
I can't work with sizes bigger than about 19 feet.
Continue and I'll use the largest value I can.

./full_analysis.tex:85: Dimension too large.
<recently read> \pgfmath@x 
                           
l.85 ...15 * (x)^(3) + 3) + (sin(5 * x + 2))^(3)};
                                                  
I can't work with sizes bigger than about 19 feet.
Continue and I'll use the largest value I can.

./full_analysis.tex:85: Dimension too large.
<recently read> \pgfmath@x 
                           
l.85 ...15 * (x)^(3) + 3) + (sin(5 * x + 2))^(3)};
                                                  
I can't work with sizes bigger than about 19 feet.
Continue and I'll use the largest value I can.

./full_analysis.tex:85: Dimension too large.
<recently read> \pgfmath@x 
                           
l.85 ...15 * (x)^(3) + 3) + (sin(5 * x + 2))^(3)};
                                                  
I can't work with sizes bigger than about 19 feet.
Continue and I'll use the largest value I can.

./full_analysis.tex:85: Dimension too large.
<recently read> \pgfmath@x 
                           
l.85 ...15 * (x)^(3) + 3) + (sin(5 * x + 2))^(3)};
                                                  
I can't work with sizes bigger than about 19 feet.
Continue and I'll use the largest value I can.

./full_analysis.tex:85: Dimension too large.
<recently read> \pgfmath@x 
                           
l.85 ...15 * (x)^(3) + 3) + (sin(5 * x + 2))^(3)};
                                                  
I can't work with sizes bigger than about 19 feet.
Continue and I'll use the largest value I can.

./full_analysis.tex:85: Dimension too large.
<recently read> \pgfmath@x 
                           
l.85 ...15 * (x)^(3) + 3) + (sin(5 * x + 2))^(3)};
                                                  
I can't work with sizes bigger than about 19 feet.
Continue and I'll use the largest value I can.

./full_analysis.tex:85: Dimension too large.
<recently read> \pgfmath@x 
                           
l.85 ...15 * (x)^(3) + 3) + (sin(5 * x + 2))^(3)};
                                                  
I can't work with sizes bigger than about 19 feet.
Continue and I'll use the largest value I can.

./full_analysis.tex:85: Dimension too large.
<recently read> \pgfmath@x 
                           
l.85 ...15 * (x)^(3) + 3) + (sin(5 * x + 2))^(3)};
                                                  
I can't work with sizes bigger than about 19 feet.
Continue and I'll use the largest value I can.

./full_analysis.tex:85: Dimension too large.
<recently read> \pgfmath@x 
                           
l.85 ...15 * (x)^(3) + 3) + (sin(5 * x + 2))^(3)};
                                                  
I can't work with sizes bigger than about 19 feet.
Continue and I'll use the largest value I can.

./full_analysis.tex:85: Dimension too large.
<recently read> \pgfmath@x 
                           
l.85 ...15 * (x)^(3) + 3) + (sin(5 * x + 2))^(3)};
                                                  
I can't work with sizes bigger than about 19 feet.
Continue and I'll use the largest value I can.

./full_analysis.tex:85: Dimension too large.
<recently read> \pgfmath@x 
                           
l.85 ...15 * (x)^(3) + 3) + (sin(5 * x + 2))^(3)};
                                                  
I can't work with sizes bigger than about 19 feet.
Continue and I'll use the largest value I can.

./full_analysis.tex:85: Dimension too large.
<recently read> \pgfmath@x 
                           
l.85 ...15 * (x)^(3) + 3) + (sin(5 * x + 2))^(3)};
                                                  
I can't work with sizes bigger than about 19 feet.
Continue and I'll use the largest value I can.

./full_analysis.tex:85: Dimension too large.
<recently read> \pgfmath@x 
                           
l.85 ...15 * (x)^(3) + 3) + (sin(5 * x + 2))^(3)};
                                                  
I can't work with sizes bigger than about 19 feet.
Continue and I'll use the largest value I can.

./full_analysis.tex:85: Dimension too large.
<recently read> \pgfmath@x 
                           
l.85 ...15 * (x)^(3) + 3) + (sin(5 * x + 2))^(3)};
                                                  
I can't work with sizes bigger than about 19 feet.
Continue and I'll use the largest value I can.

./full_analysis.tex:85: Dimension too large.
<recently read> \pgfmath@x 
                           
l.85 ...15 * (x)^(3) + 3) + (sin(5 * x + 2))^(3)};
                                                  
I can't work with sizes bigger than about 19 feet.
Continue and I'll use the largest value I can.

./full_analysis.tex:85: Dimension too large.
<recently read> \pgfmath@x 
                           
l.85 ...15 * (x)^(3) + 3) + (sin(5 * x + 2))^(3)};
                                                  
I can't work with sizes bigger than about 19 feet.
Continue and I'll use the largest value I can.

./full_analysis.tex:85: Dimension too large.
<recently read> \pgfmath@x 
                           
l.85 ...15 * (x)^(3) + 3) + (sin(5 * x + 2))^(3)};
                                                  
I can't work with sizes bigger than about 19 feet.
Continue and I'll use the largest value I can.

./full_analysis.tex:85: Dimension too large.
<recently read> \pgfmath@x 
                           
l.85 ...15 * (x)^(3) + 3) + (sin(5 * x + 2))^(3)};
                                                  
I can't work with sizes bigger than about 19 feet.
Continue and I'll use the largest value I can.

./full_analysis.tex:85: Dimension too large.
<recently read> \pgfmath@x 
                           
l.85 ...15 * (x)^(3) + 3) + (sin(5 * x + 2))^(3)};
                                                  
I can't work with sizes bigger than about 19 feet.
Continue and I'll use the largest value I can.

./full_analysis.tex:85: Dimension too large.
<recently read> \pgfmath@x 
                           
l.85 ...15 * (x)^(3) + 3) + (sin(5 * x + 2))^(3)};
                                                  
I can't work with sizes bigger than about 19 feet.
Continue and I'll use the largest value I can.

./full_analysis.tex:85: Dimension too large.
<recently read> \pgfmath@x 
                           
l.85 ...15 * (x)^(3) + 3) + (sin(5 * x + 2))^(3)};
                                                  
I can't work with sizes bigger than about 19 feet.
Continue and I'll use the largest value I can.

./full_analysis.tex:85: Dimension too large.
<recently read> \pgfmath@x 
                           
l.85 ...15 * (x)^(3) + 3) + (sin(5 * x + 2))^(3)};
                                                  
I can't work with sizes bigger than about 19 feet.
Continue and I'll use the largest value I can.

./full_analysis.tex:85: Dimension too large.
<recently read> \pgfmath@x 
                           
l.85 ...15 * (x)^(3) + 3) + (sin(5 * x + 2))^(3)};
                                                  
I can't work with sizes bigger than about 19 feet.
Continue and I'll use the largest value I can.

./full_analysis.tex:85: Dimension too large.
<recently read> \pgfmath@x 
                           
l.85 ...15 * (x)^(3) + 3) + (sin(5 * x + 2))^(3)};
                                                  
I can't work with sizes bigger than about 19 feet.
Continue and I'll use the largest value I can.

./full_analysis.tex:85: Dimension too large.
<recently read> \pgfmath@x 
                           
l.85 ...15 * (x)^(3) + 3) + (sin(5 * x + 2))^(3)};
                                                  
I can't work with sizes bigger than about 19 feet.
Continue and I'll use the largest value I can.

./full_analysis.tex:85: Dimension too large.
<recently read> \pgfmath@x 
                           
l.85 ...15 * (x)^(3) + 3) + (sin(5 * x + 2))^(3)};
                                                  
I can't work with sizes bigger than about 19 feet.
Continue and I'll use the largest value I can.

./full_analysis.tex:85: Dimension too large.
<recently read> \pgfmath@x 
                           
l.85 ...15 * (x)^(3) + 3) + (sin(5 * x + 2))^(3)};
                                                  
I can't work with sizes bigger than about 19 feet.
Continue and I'll use the largest value I can.

./full_analysis.tex:85: Dimension too large.
<recently read> \pgfmath@x 
                           
l.85 ...15 * (x)^(3) + 3) + (sin(5 * x + 2))^(3)};
                                                  
I can't work with sizes bigger than about 19 feet.
Continue and I'll use the largest value I can.

./full_analysis.tex:85: Dimension too large.
<recently read> \pgfmath@x 
                           
l.85 ...15 * (x)^(3) + 3) + (sin(5 * x + 2))^(3)};
                                                  
I can't work with sizes bigger than about 19 feet.
Continue and I'll use the largest value I can.

./full_analysis.tex:85: Dimension too large.
<recently read> \pgfmath@x 
                           
l.85 ...15 * (x)^(3) + 3) + (sin(5 * x + 2))^(3)};
                                                  
I can't work with sizes bigger than about 19 feet.
Continue and I'll use the largest value I can.

./full_analysis.tex:85: Dimension too large.
<recently read> \pgfmath@x 
                           
l.85 ...15 * (x)^(3) + 3) + (sin(5 * x + 2))^(3)};
                                                  
I can't work with sizes bigger than about 19 feet.
Continue and I'll use the largest value I can.

./full_analysis.tex:85: Dimension too large.
<recently read> \pgfmath@x 
                           
l.85 ...15 * (x)^(3) + 3) + (sin(5 * x + 2))^(3)};
                                                  
I can't work with sizes bigger than about 19 feet.
Continue and I'll use the largest value I can.

./full_analysis.tex:85: Dimension too large.
<recently read> \pgfmath@x 
                           
l.85 ...15 * (x)^(3) + 3) + (sin(5 * x + 2))^(3)};
                                                  
I can't work with sizes bigger than about 19 feet.
Continue and I'll use the largest value I can.

./full_analysis.tex:85: Dimension too large.
<recently read> \pgfmath@x 
                           
l.85 ...15 * (x)^(3) + 3) + (sin(5 * x + 2))^(3)};
                                                  
I can't work with sizes bigger than about 19 feet.
Continue and I'll use the largest value I can.

./full_analysis.tex:85: Dimension too large.
<recently read> \pgfmath@x 
                           
l.85 ...15 * (x)^(3) + 3) + (sin(5 * x + 2))^(3)};
                                                  
I can't work with sizes bigger than about 19 feet.
Continue and I'll use the largest value I can.

./full_analysis.tex:85: Dimension too large.
<recently read> \pgfmath@x 
                           
l.85 ...15 * (x)^(3) + 3) + (sin(5 * x + 2))^(3)};
                                                  
I can't work with sizes bigger than about 19 feet.
Continue and I'll use the largest value I can.

./full_analysis.tex:85: Dimension too large.
<recently read> \pgfmath@x 
                           
l.85 ...15 * (x)^(3) + 3) + (sin(5 * x + 2))^(3)};
                                                  
I can't work with sizes bigger than about 19 feet.
Continue and I'll use the largest value I can.

./full_analysis.tex:85: Dimension too large.
<recently read> \pgfmath@x 
                           
l.85 ...15 * (x)^(3) + 3) + (sin(5 * x + 2))^(3)};
                                                  
I can't work with sizes bigger than about 19 feet.
Continue and I'll use the largest value I can.

./full_analysis.tex:85: Dimension too large.
<recently read> \pgfmath@x 
                           
l.85 ...15 * (x)^(3) + 3) + (sin(5 * x + 2))^(3)};
                                                  
I can't work with sizes bigger than about 19 feet.
Continue and I'll use the largest value I can.

./full_analysis.tex:85: Dimension too large.
<recently read> \pgfmath@x 
                           
l.85 ...15 * (x)^(3) + 3) + (sin(5 * x + 2))^(3)};
                                                  
I can't work with sizes bigger than about 19 feet.
Continue and I'll use the largest value I can.

./full_analysis.tex:85: Dimension too large.
<recently read> \pgfmath@x 
                           
l.85 ...15 * (x)^(3) + 3) + (sin(5 * x + 2))^(3)};
                                                  
I can't work with sizes bigger than about 19 feet.
Continue and I'll use the largest value I can.

./full_analysis.tex:85: Dimension too large.
<recently read> \pgfmath@x 
                           
l.85 ...15 * (x)^(3) + 3) + (sin(5 * x + 2))^(3)};
                                                  
I can't work with sizes bigger than about 19 feet.
Continue and I'll use the largest value I can.

./full_analysis.tex:85: Dimension too large.
<recently read> \pgfmath@x 
                           
l.85 ...15 * (x)^(3) + 3) + (sin(5 * x + 2))^(3)};
                                                  
I can't work with sizes bigger than about 19 feet.
Continue and I'll use the largest value I can.

./full_analysis.tex:85: Dimension too large.
<recently read> \pgfmath@x 
                           
l.85 ...15 * (x)^(3) + 3) + (sin(5 * x + 2))^(3)};
                                                  
I can't work with sizes bigger than about 19 feet.
Continue and I'll use the largest value I can.

./full_analysis.tex:85: Dimension too large.
<recently read> \pgfmath@x 
                           
l.85 ...15 * (x)^(3) + 3) + (sin(5 * x + 2))^(3)};
                                                  
I can't work with sizes bigger than about 19 feet.
Continue and I'll use the largest value I can.

./full_analysis.tex:85: Dimension too large.
<recently read> \pgfmath@x 
                           
l.85 ...15 * (x)^(3) + 3) + (sin(5 * x + 2))^(3)};
                                                  
I can't work with sizes bigger than about 19 feet.
Continue and I'll use the largest value I can.

./full_analysis.tex:85: Dimension too large.
<recently read> \pgfmath@x 
                           
l.85 ...15 * (x)^(3) + 3) + (sin(5 * x + 2))^(3)};
                                                  
I can't work with sizes bigger than about 19 feet.
Continue and I'll use the largest value I can.

./full_analysis.tex:85: Dimension too large.
<recently read> \pgfmath@x 
                           
l.85 ...15 * (x)^(3) + 3) + (sin(5 * x + 2))^(3)};
                                                  
I can't work with sizes bigger than about 19 feet.
Continue and I'll use the largest value I can.

./full_analysis.tex:85: Dimension too large.
<recently read> \pgfmath@x 
                           
l.85 ...15 * (x)^(3) + 3) + (sin(5 * x + 2))^(3)};
                                                  
I can't work with sizes bigger than about 19 feet.
Continue and I'll use the largest value I can.

./full_analysis.tex:85: Dimension too large.
<recently read> \pgfmath@x 
                           
l.85 ...15 * (x)^(3) + 3) + (sin(5 * x + 2))^(3)};
                                                  
I can't work with sizes bigger than about 19 feet.
Continue and I'll use the largest value I can.

./full_analysis.tex:85: Dimension too large.
<recently read> \pgfmath@x 
                           
l.85 ...15 * (x)^(3) + 3) + (sin(5 * x + 2))^(3)};
                                                  
I can't work with sizes bigger than about 19 feet.
Continue and I'll use the largest value I can.

./full_analysis.tex:85: Dimension too large.
<recently read> \pgfmath@x 
                           
l.85 ...15 * (x)^(3) + 3) + (sin(5 * x + 2))^(3)};
                                                  
I can't work with sizes bigger than about 19 feet.
Continue and I'll use the largest value I can.

./full_analysis.tex:85: Dimension too large.
<recently read> \pgfmath@x 
                           
l.85 ...15 * (x)^(3) + 3) + (sin(5 * x + 2))^(3)};
                                                  
I can't work with sizes bigger than about 19 feet.
Continue and I'll use the largest value I can.

./full_analysis.tex:85: Dimension too large.
<recently read> \pgfmath@x 
                           
l.85 ...15 * (x)^(3) + 3) + (sin(5 * x + 2))^(3)};
                                                  
I can't work with sizes bigger than about 19 feet.
Continue and I'll use the largest value I can.

./full_analysis.tex:85: Dimension too large.
<recently read> \pgfmath@x 
                           
l.85 ...15 * (x)^(3) + 3) + (sin(5 * x + 2))^(3)};
                                                  
I can't work with sizes bigger than about 19 feet.
Continue and I'll use the largest value I can.

./full_analysis.tex:85: Dimension too large.
<recently read> \pgfmath@x 
                           
l.85 ...15 * (x)^(3) + 3) + (sin(5 * x + 2))^(3)};
                                                  
I can't work with sizes bigger than about 19 feet.
Continue and I'll use the largest value I can.

./full_analysis.tex:85: Dimension too large.
<recently read> \pgfmath@x 
                           
l.85 ...15 * (x)^(3) + 3) + (sin(5 * x + 2))^(3)};
                                                  
I can't work with sizes bigger than about 19 feet.
Continue and I'll use the largest value I can.

./full_analysis.tex:85: Dimension too large.
<recently read> \pgfmath@x 
                           
l.85 ...15 * (x)^(3) + 3) + (sin(5 * x + 2))^(3)};
                                                  
I can't work with sizes bigger than about 19 feet.
Continue and I'll use the largest value I can.

./full_analysis.tex:85: Dimension too large.
<recently read> \pgfmath@x 
                           
l.85 ...15 * (x)^(3) + 3) + (sin(5 * x + 2))^(3)};
                                                  
I can't work with sizes bigger than about 19 feet.
Continue and I'll use the largest value I can.

./full_analysis.tex:85: Dimension too large.
<recently read> \pgfmath@x 
                           
l.85 ...15 * (x)^(3) + 3) + (sin(5 * x + 2))^(3)};
                                                  
I can't work with sizes bigger than about 19 feet.
Continue and I'll use the largest value I can.

./full_analysis.tex:85: Dimension too large.
<recently read> \pgfmath@x 
                           
l.85 ...15 * (x)^(3) + 3) + (sin(5 * x + 2))^(3)};
                                                  
I can't work with sizes bigger than about 19 feet.
Continue and I'll use the largest value I can.

./full_analysis.tex:85: Dimension too large.
<recently read> \pgfmath@x 
                           
l.85 ...15 * (x)^(3) + 3) + (sin(5 * x + 2))^(3)};
                                                  
I can't work with sizes bigger than about 19 feet.
Continue and I'll use the largest value I can.

./full_analysis.tex:85: Dimension too large.
<recently read> \pgfmath@x 
                           
l.85 ...15 * (x)^(3) + 3) + (sin(5 * x + 2))^(3)};
                                                  
I can't work with sizes bigger than about 19 feet.
Continue and I'll use the largest value I can.

./full_analysis.tex:85: Dimension too large.
<recently read> \pgfmath@x 
                           
l.85 ...15 * (x)^(3) + 3) + (sin(5 * x + 2))^(3)};
                                                  
I can't work with sizes bigger than about 19 feet.
Continue and I'll use the largest value I can.

./full_analysis.tex:85: Dimension too large.
<recently read> \pgfmath@x 
                           
l.85 ...15 * (x)^(3) + 3) + (sin(5 * x + 2))^(3)};
                                                  
I can't work with sizes bigger than about 19 feet.
Continue and I'll use the largest value I can.

./full_analysis.tex:85: Dimension too large.
<recently read> \pgfmath@x 
                           
l.85 ...15 * (x)^(3) + 3) + (sin(5 * x + 2))^(3)};
                                                  
(That makes 100 errors; please try again.) 
Here is how much of TeX's memory you used:
 23701 strings out of 476183
 616123 string characters out of 5795621
 1925972 words of memory out of 5000000
 45356 multiletter control sequences out of 15000+600000
 563940 words of font info for 56 fonts, out of 8000000 for 9000
 14 hyphenation exceptions out of 8191
 99i,6n,107p,734b,1644s stack positions out of 10000i,1000n,20000p,200000b,200000s

Output written on build/full_analysis.dvi (2 pages, 11956 bytes).
